Traceback (most recent call last):
  File "/home/anmolsec/anmolsec.com/passenger_wsgi.py", line 1, in <module>
    from anmol.wsgi import application
  File "/home/anmolsec/anmolsec.com/anmol/wsgi.py", line 12, in <module>
    from django.core.wsgi import get_wsgi_application
ModuleNotFoundError: No module named 'django'
Traceback (most recent call last):
  File "/home/anmolsec/anmolsec.com/passenger_wsgi.py", line 1, in <module>
    from anmol.wsgi import application
  File "/home/anmolsec/anmolsec.com/anmol/wsgi.py", line 12, in <module>
    from django.core.wsgi import get_wsgi_application
ModuleNotFoundError: No module named 'django'
[UID:3010][3458] Child process with pid: 3494 was killed by signal: 15, core dump: 0
[UID:3010][22341] Child process with pid: 22371 was killed by signal: 15, core dump: 0
[UID:3010][22341] Child process with pid: 37454 was killed by signal: 15, core dump: 0
[UID:3010][22341] Child process with pid: 37806 was killed by signal: 15, core dump: 0
[UID:3010][22341] Child process with pid: 37792 was killed by signal: 15, core dump: 0
Not Found: /favicon.ico
OSError: LSAPI: Socket read/write error
Not Found: /favicon.ico
Not Found: /favicon.ico
Not Found: /favicon.ico
[UID:3010][9614] Child process with pid: 11711 was killed by signal: 15, core dump: 0
[UID:3010][22341] Child process with pid: 24135 was killed by signal: 15, core dump: 0
Not Found: /favicon.ico
[UID:3010][24271] Child process with pid: 42234 was killed by signal: 15, core dump: 0
[UID:3010][24271] Child process with pid: 42443 was killed by signal: 15, core dump: 0
[UID:3010][24271] Child process with pid: 42692 was killed by signal: 15, core dump: 0
[UID:3010][24271] Child process with pid: 42863 was killed by signal: 15, core dump: 0
[UID:3010][24271] Child process with pid: 43124 was killed by signal: 15, core dump: 0
[UID:3010][24271] Child process with pid: 43198 was killed by signal: 15, core dump: 0
[UID:3010][24271] Child process with pid: 43523 was killed by signal: 15, core dump: 0
[UID:3010][22341] Child process with pid: 37910 was killed by signal: 15, core dump: 0
Not Found: /wp-includes/wlwmanifest.xml
Not Found: /xmlrpc.php
Not Found: /blog/wp-includes/wlwmanifest.xml
Not Found: /web/wp-includes/wlwmanifest.xml
Not Found: /wordpress/wp-includes/wlwmanifest.xml
Not Found: /website/wp-includes/wlwmanifest.xml
Not Found: /wp/wp-includes/wlwmanifest.xml
Not Found: /news/wp-includes/wlwmanifest.xml
Not Found: /2020/wp-includes/wlwmanifest.xml
Not Found: /2019/wp-includes/wlwmanifest.xml
Not Found: /shop/wp-includes/wlwmanifest.xml
Not Found: /wp1/wp-includes/wlwmanifest.xml
Not Found: /test/wp-includes/wlwmanifest.xml
Not Found: /wp2/wp-includes/wlwmanifest.xml
Not Found: /site/wp-includes/wlwmanifest.xml
Not Found: /cms/wp-includes/wlwmanifest.xml
Not Found: /sito/wp-includes/wlwmanifest.xml
[UID:3010][24271] Child process with pid: 24315 was killed by signal: 15, core dump: 0
[UID:3010][24271] Child process with pid: 18139 was killed by signal: 15, core dump: 0
OSError: LSAPI: Socket read/write error
Not Found: /robots.txt
Not Found: /robots.txt
[UID:3010][24271] Child process with pid: 32795 was killed by signal: 15, core dump: 0
[UID:3010][24271] Child process with pid: 31605 was killed by signal: 15, core dump: 0
[UID:3010][24271] Child process with pid: 3736 was killed by signal: 15, core dump: 0
Not Found: /wp-includes/wlwmanifest.xml
Not Found: /xmlrpc.php
Not Found: /blog/wp-includes/wlwmanifest.xml
Not Found: /web/wp-includes/wlwmanifest.xml
Not Found: /wordpress/wp-includes/wlwmanifest.xml
Not Found: /website/wp-includes/wlwmanifest.xml
Not Found: /wp/wp-includes/wlwmanifest.xml
Not Found: /news/wp-includes/wlwmanifest.xml
Not Found: /2020/wp-includes/wlwmanifest.xml
Not Found: /2019/wp-includes/wlwmanifest.xml
Not Found: /shop/wp-includes/wlwmanifest.xml
Not Found: /wp1/wp-includes/wlwmanifest.xml
Not Found: /test/wp-includes/wlwmanifest.xml
Not Found: /wp2/wp-includes/wlwmanifest.xml
Not Found: /site/wp-includes/wlwmanifest.xml
Not Found: /cms/wp-includes/wlwmanifest.xml
Not Found: /sito/wp-includes/wlwmanifest.xml
Not Found: /wp-includes/ID3/license.txt
Not Found: /feed/
Not Found: /xmlrpc.php
Not Found: /blog/wp-includes/wlwmanifest.xml
Not Found: /web/wp-includes/wlwmanifest.xml
Not Found: /wordpress/wp-includes/wlwmanifest.xml
Not Found: /wp/wp-includes/wlwmanifest.xml
Not Found: /2020/wp-includes/wlwmanifest.xml
Not Found: /2019/wp-includes/wlwmanifest.xml
Not Found: /2021/wp-includes/wlwmanifest.xml
Not Found: /shop/wp-includes/wlwmanifest.xml
Not Found: /wp1/wp-includes/wlwmanifest.xml
Not Found: /test/wp-includes/wlwmanifest.xml
Not Found: /site/wp-includes/wlwmanifest.xml
Not Found: /cms/wp-includes/wlwmanifest.xml
[UID:3010][32558] Child process with pid: 41055 was killed by signal: 15, core dump: 0
Not Found: /favicon.ico
Not Found: /favicon.ico
Not Found: /robots.txt
Not Found: /favicon.ico
[UID:3010][44016] Child process with pid: 46039 was killed by signal: 15, core dump: 0
[UID:3010][44016] Child process with pid: 46003 was killed by signal: 15, core dump: 0
Not Found: /robots.txt
Not Found: /favicon.ico
Not Found: /index/
[UID:3010][1680] Child process with pid: 1703 was killed by signal: 15, core dump: 0
Not Found: /index/
Not Found: /wp-includes/wlwmanifest.xml
Not Found: /xmlrpc.php
Not Found: /blog/wp-includes/wlwmanifest.xml
Not Found: /web/wp-includes/wlwmanifest.xml
Not Found: /wordpress/wp-includes/wlwmanifest.xml
Not Found: /website/wp-includes/wlwmanifest.xml
Not Found: /wp/wp-includes/wlwmanifest.xml
Not Found: /news/wp-includes/wlwmanifest.xml
Not Found: /2018/wp-includes/wlwmanifest.xml
Not Found: /2019/wp-includes/wlwmanifest.xml
Not Found: /shop/wp-includes/wlwmanifest.xml
Not Found: /wp1/wp-includes/wlwmanifest.xml
Not Found: /test/wp-includes/wlwmanifest.xml
Not Found: /media/wp-includes/wlwmanifest.xml
Not Found: /wp2/wp-includes/wlwmanifest.xml
Not Found: /site/wp-includes/wlwmanifest.xml
Not Found: /cms/wp-includes/wlwmanifest.xml
Not Found: /sito/wp-includes/wlwmanifest.xml
Not Found: /favicon.ico
Not Found: /favicon.png
[UID:3010][29106] Child process with pid: 29190 was killed by signal: 15, core dump: 0
Not Found: /favicon.ico
Not Found: /wordpress/wp-admin/setup-config.php
Not Found: /wp-admin/setup-config.php
Not Found: /wp-includes/wlwmanifest.xml
Not Found: /xmlrpc.php
Not Found: /blog/wp-includes/wlwmanifest.xml
Not Found: /web/wp-includes/wlwmanifest.xml
Not Found: /wordpress/wp-includes/wlwmanifest.xml
Not Found: /website/wp-includes/wlwmanifest.xml
Not Found: /wp/wp-includes/wlwmanifest.xml
Not Found: /news/wp-includes/wlwmanifest.xml
Not Found: /wp1/wp-includes/wlwmanifest.xml
Not Found: /test/wp-includes/wlwmanifest.xml
Not Found: /wp2/wp-includes/wlwmanifest.xml
Not Found: /site/wp-includes/wlwmanifest.xml
Not Found: /cms/wp-includes/wlwmanifest.xml
Not Found: /sito/wp-includes/wlwmanifest.xml
Not Found: /favicon.ico
Not Found: /favicon.ico
Not Found: /favicon.ico
[UID:3010][43762] Child process with pid: 46630 was killed by signal: 15, core dump: 0
Not Found: /favicon.ico
[UID:3010][16669] Child process with pid: 43191 was killed by signal: 15, core dump: 0
[UID:3010][43762] Child process with pid: 12176 was killed by signal: 15, core dump: 0
[UID:3010][43762] Child process with pid: 30221 was killed by signal: 15, core dump: 0
[UID:3010][43762] Child process with pid: 30325 was killed by signal: 15, core dump: 0
[UID:3010][43762] Child process with pid: 32445 was killed by signal: 15, core dump: 0
[UID:3010][43762] Child process with pid: 32973 was killed by signal: 15, core dump: 0
[UID:3010][43762] Child process with pid: 34890 was killed by signal: 15, core dump: 0
[UID:3010][43762] Child process with pid: 35708 was killed by signal: 15, core dump: 0
[UID:3010][43762] Child process with pid: 35942 was killed by signal: 15, core dump: 0
[UID:3010][43762] Child process with pid: 36099 was killed by signal: 15, core dump: 0
[UID:3010][43762] Child process with pid: 36175 was killed by signal: 15, core dump: 0
[UID:3010][43762] Child process with pid: 36258 was killed by signal: 15, core dump: 0
[UID:3010][43762] Child process with pid: 30215 was killed by signal: 15, core dump: 0
[UID:3010][43762] Child process with pid: 19166 was killed by signal: 15, core dump: 0
[UID:3010][43762] Child process with pid: 36768 was killed by signal: 15, core dump: 0
Not Found: /favicon.ico
[UID:3010][40035] Child process with pid: 40110 was killed by signal: 15, core dump: 0
[UID:3010][40035] Child process with pid: 40253 was killed by signal: 15, core dump: 0
Not Found: /favicon.ico
Not Found: /student
[UID:3010][36617] Child process with pid: 36678 was killed by signal: 15, core dump: 0
[UID:3010][36063] Child process with pid: 36319 was killed by signal: 15, core dump: 0
